2016-01-26 14:18:45 Error: [Cake\View\Exception\MissingTemplateException] Template file "Events\index.ctp" is missing.
Exception Attributes: array (
  'file' => 'Events\\index.ctp',
)
Request URL: /BiellesMeusiennes/events
Stack Trace:
#0 E:\Dev\BiellesMeusiennes\vendor\cakephp\cakephp\src\View\View.php(584): Cake\View\View->_getViewFileName(NULL)
#1 E:\Dev\BiellesMeusiennes\vendor\cakephp\cakephp\src\Controller\Controller.php(611): Cake\View\View->render(NULL, NULL)
#2 E:\Dev\BiellesMeusiennes\vendor\cakephp\cakephp\src\Routing\Dispatcher.php(120): Cake\Controller\Controller->render()
#3 E:\Dev\BiellesMeusiennes\vendor\cakephp\cakephp\src\Routing\Dispatcher.php(87): Cake\Routing\Dispatcher->_invoke(Object(App\Controller\EventsController))
#4 E:\Dev\BiellesMeusiennes\webroot\index.php(37): Cake\Routing\Dispatcher->dispatch(Object(Cake\Network\Request), Object(Cake\Network\Response))
#5 {main}


2016-01-26 14:20:52 Error: [Cake\View\Exception\MissingTemplateException] Template file "Events\inscription.ctp" is missing.
Exception Attributes: array (
  'file' => 'Events\\inscription.ctp',
)
Request URL: /BiellesMeusiennes/events/inscription
Stack Trace:
#0 E:\Dev\BiellesMeusiennes\vendor\cakephp\cakephp\src\View\View.php(584): Cake\View\View->_getViewFileName(NULL)
#1 E:\Dev\BiellesMeusiennes\vendor\cakephp\cakephp\src\Controller\Controller.php(611): Cake\View\View->render(NULL, NULL)
#2 E:\Dev\BiellesMeusiennes\vendor\cakephp\cakephp\src\Routing\Dispatcher.php(120): Cake\Controller\Controller->render()
#3 E:\Dev\BiellesMeusiennes\vendor\cakephp\cakephp\src\Routing\Dispatcher.php(87): Cake\Routing\Dispatcher->_invoke(Object(App\Controller\EventsController))
#4 E:\Dev\BiellesMeusiennes\webroot\index.php(37): Cake\Routing\Dispatcher->dispatch(Object(Cake\Network\Request), Object(Cake\Network\Response))
#5 {main}


2016-01-26 14:24:45 Warning: Warning (2): Missing argument 1 for App\Controller\EventsController::inscription() in [E:\Dev\BiellesMeusiennes\src\Controller\EventsController.php, line 13]
Trace:
Cake\Error\BaseErrorHandler::handleError() - CORE\src\Error\BaseErrorHandler.php, line 140
App\Controller\EventsController::inscription() - APP/Controller\EventsController.php, line 13
Cake\Controller\Controller::invokeAction() - CORE\src\Controller\Controller.php, line 429
Cake\Routing\Dispatcher::_invoke() - CORE\src\Routing\Dispatcher.php, line 114
Cake\Routing\Dispatcher::dispatch() - CORE\src\Routing\Dispatcher.php, line 87
[main] - ROOT\webroot\index.php, line 37



2016-01-26 14:25:23 Error: Fatal Error (1): Call to undefined method App\Controller\EventsController::request() in [E:\Dev\BiellesMeusiennes\src\Controller\EventsController.php, line 16]
Trace:
Cake\Error\BaseErrorHandler::handleFatalError() - CORE\src\Error\BaseErrorHandler.php, line 209
Cake\Error\BaseErrorHandler::Cake\Error\{closure}() - CORE\src\Error\BaseErrorHandler.php, line 92
[main] - [internal], line ??



2016-01-26 14:25:23 Error: [Cake\Error\FatalErrorException] Call to undefined method App\Controller\EventsController::request()
Request URL: /BiellesMeusiennes/evenement/mon-premier.1
Stack Trace:
#0 E:\Dev\BiellesMeusiennes\vendor\cakephp\cakephp\src\Error\BaseErrorHandler.php(92): Cake\Error\BaseErrorHandler->handleFatalError(1, 'Call to undefin...', 'E:\\Dev\\BiellesM...', 16)
#1 [internal function]: Cake\Error\BaseErrorHandler->Cake\Error\{closure}()
#2 {main}


2016-01-26 14:25:46 Error: Fatal Error (1): Call to undefined method App\Controller\EventsController::session() in [E:\Dev\BiellesMeusiennes\src\Controller\EventsController.php, line 16]
Trace:
Cake\Error\BaseErrorHandler::handleFatalError() - CORE\src\Error\BaseErrorHandler.php, line 209
Cake\Error\BaseErrorHandler::Cake\Error\{closure}() - CORE\src\Error\BaseErrorHandler.php, line 92
[main] - [internal], line ??



2016-01-26 14:25:46 Error: [Cake\Error\FatalErrorException] Call to undefined method App\Controller\EventsController::session()
Request URL: /BiellesMeusiennes/evenement/mon-premier.1
Stack Trace:
#0 E:\Dev\BiellesMeusiennes\vendor\cakephp\cakephp\src\Error\BaseErrorHandler.php(92): Cake\Error\BaseErrorHandler->handleFatalError(1, 'Call to undefin...', 'E:\\Dev\\BiellesM...', 16)
#1 [internal function]: Cake\Error\BaseErrorHandler->Cake\Error\{closure}()
#2 {main}


2016-01-26 14:26:57 Error: Fatal Error (4): syntax error, unexpected ';' in [E:\Dev\BiellesMeusiennes\src\Controller\EventsController.php, line 16]
Trace:
Cake\Error\BaseErrorHandler::handleFatalError() - CORE\src\Error\BaseErrorHandler.php, line 209
Cake\Error\BaseErrorHandler::Cake\Error\{closure}() - CORE\src\Error\BaseErrorHandler.php, line 92
[main] - [internal], line ??



2016-01-26 14:26:57 Error: [Cake\Error\FatalErrorException] syntax error, unexpected ';'
Request URL: /BiellesMeusiennes/evenement/mon-premier.1
Stack Trace:
#0 E:\Dev\BiellesMeusiennes\vendor\cakephp\cakephp\src\Error\BaseErrorHandler.php(92): Cake\Error\BaseErrorHandler->handleFatalError(4, 'syntax error, u...', 'E:\\Dev\\BiellesM...', 16)
#1 [internal function]: Cake\Error\BaseErrorHandler->Cake\Error\{closure}()
#2 {main}


2016-01-26 14:28:54 Error: Fatal Error (4): syntax error, unexpected 'a' (T_STRING) in [E:\Dev\BiellesMeusiennes\src\Controller\EventsController.php, line 15]
Trace:
Cake\Error\BaseErrorHandler::handleFatalError() - CORE\src\Error\BaseErrorHandler.php, line 209
Cake\Error\BaseErrorHandler::Cake\Error\{closure}() - CORE\src\Error\BaseErrorHandler.php, line 92
[main] - [internal], line ??



2016-01-26 14:28:54 Error: [Cake\Error\FatalErrorException] syntax error, unexpected 'a' (T_STRING)
Request URL: /BiellesMeusiennes/evenement/mon-premier.1
Stack Trace:
#0 E:\Dev\BiellesMeusiennes\vendor\cakephp\cakephp\src\Error\BaseErrorHandler.php(92): Cake\Error\BaseErrorHandler->handleFatalError(4, 'syntax error, u...', 'E:\\Dev\\BiellesM...', 15)
#1 [internal function]: Cake\Error\BaseErrorHandler->Cake\Error\{closure}()
#2 {main}


2016-01-26 14:32:28 Error: Fatal Error (4): syntax error, unexpected ''pass'' (T_CONSTANT_ENCAPSED_STRING), expecting ']' in [E:\Dev\BiellesMeusiennes\config\routes.php, line 67]
Trace:
Cake\Error\BaseErrorHandler::handleFatalError() - CORE\src\Error\BaseErrorHandler.php, line 209
Cake\Error\BaseErrorHandler::Cake\Error\{closure}() - CORE\src\Error\BaseErrorHandler.php, line 92
[main] - [internal], line ??



2016-01-26 14:32:29 Error: [Cake\Error\FatalErrorException] syntax error, unexpected ''pass'' (T_CONSTANT_ENCAPSED_STRING), expecting ']'
Request URL: /BiellesMeusiennes/evenement/mon-premier.1
Stack Trace:
#0 E:\Dev\BiellesMeusiennes\vendor\cakephp\cakephp\src\Error\BaseErrorHandler.php(92): Cake\Error\BaseErrorHandler->handleFatalError(4, 'syntax error, u...', 'E:\\Dev\\BiellesM...', 67)
#1 [internal function]: Cake\Error\BaseErrorHandler->Cake\Error\{closure}()
#2 {main}


2016-01-26 14:32:29 Error: Fatal Error (4): syntax error, unexpected ''pass'' (T_CONSTANT_ENCAPSED_STRING), expecting ']' in [E:\Dev\BiellesMeusiennes\config\routes.php, line 67]
Trace:
Cake\Error\BaseErrorHandler::handleFatalError() - CORE\src\Error\BaseErrorHandler.php, line 209
Cake\Error\BaseErrorHandler::Cake\Error\{closure}() - CORE\src\Error\BaseErrorHandler.php, line 92
[main] - [internal], line ??



2016-01-26 14:32:29 Error: [Cake\Error\FatalErrorException] syntax error, unexpected ''pass'' (T_CONSTANT_ENCAPSED_STRING), expecting ']'
Request URL: /BiellesMeusiennes/debug_kit/toolbar/a8c03e76-b1bf-48be-99eb-b8a7d883e5df
Stack Trace:
#0 E:\Dev\BiellesMeusiennes\vendor\cakephp\cakephp\src\Error\BaseErrorHandler.php(92): Cake\Error\BaseErrorHandler->handleFatalError(4, 'syntax error, u...', 'E:\\Dev\\BiellesM...', 67)
#1 [internal function]: Cake\Error\BaseErrorHandler->Cake\Error\{closure}()
#2 {main}


2016-01-26 14:32:29 Error: Fatal Error (4): syntax error, unexpected ''pass'' (T_CONSTANT_ENCAPSED_STRING), expecting ']' in [E:\Dev\BiellesMeusiennes\config\routes.php, line 67]
Trace:
Cake\Error\BaseErrorHandler::handleFatalError() - CORE\src\Error\BaseErrorHandler.php, line 209
Cake\Error\BaseErrorHandler::Cake\Error\{closure}() - CORE\src\Error\BaseErrorHandler.php, line 92
[main] - [internal], line ??



2016-01-26 14:32:30 Error: [Cake\Error\FatalErrorException] syntax error, unexpected ''pass'' (T_CONSTANT_ENCAPSED_STRING), expecting ']'
Request URL: /BiellesMeusiennes/debug_kit/toolbar/4bf14d2a-71bc-4e42-ab2a-0179582749b3
Stack Trace:
#0 E:\Dev\BiellesMeusiennes\vendor\cakephp\cakephp\src\Error\BaseErrorHandler.php(92): Cake\Error\BaseErrorHandler->handleFatalError(4, 'syntax error, u...', 'E:\\Dev\\BiellesM...', 67)
#1 [internal function]: Cake\Error\BaseErrorHandler->Cake\Error\{closure}()
#2 {main}


2016-01-26 14:32:30 Error: Fatal Error (4): syntax error, unexpected ''pass'' (T_CONSTANT_ENCAPSED_STRING), expecting ']' in [E:\Dev\BiellesMeusiennes\config\routes.php, line 67]
Trace:
Cake\Error\BaseErrorHandler::handleFatalError() - CORE\src\Error\BaseErrorHandler.php, line 209
Cake\Error\BaseErrorHandler::Cake\Error\{closure}() - CORE\src\Error\BaseErrorHandler.php, line 92
[main] - [internal], line ??



2016-01-26 14:32:30 Error: [Cake\Error\FatalErrorException] syntax error, unexpected ''pass'' (T_CONSTANT_ENCAPSED_STRING), expecting ']'
Request URL: /BiellesMeusiennes/debug_kit/toolbar/a991d39d-ab62-40f2-8380-98ddd6d23337
Stack Trace:
#0 E:\Dev\BiellesMeusiennes\vendor\cakephp\cakephp\src\Error\BaseErrorHandler.php(92): Cake\Error\BaseErrorHandler->handleFatalError(4, 'syntax error, u...', 'E:\\Dev\\BiellesM...', 67)
#1 [internal function]: Cake\Error\BaseErrorHandler->Cake\Error\{closure}()
#2 {main}


2016-01-26 14:32:30 Error: Fatal Error (4): syntax error, unexpected ''pass'' (T_CONSTANT_ENCAPSED_STRING), expecting ']' in [E:\Dev\BiellesMeusiennes\config\routes.php, line 67]
Trace:
Cake\Error\BaseErrorHandler::handleFatalError() - CORE\src\Error\BaseErrorHandler.php, line 209
Cake\Error\BaseErrorHandler::Cake\Error\{closure}() - CORE\src\Error\BaseErrorHandler.php, line 92
[main] - [internal], line ??



2016-01-26 14:32:30 Error: [Cake\Error\FatalErrorException] syntax error, unexpected ''pass'' (T_CONSTANT_ENCAPSED_STRING), expecting ']'
Request URL: /BiellesMeusiennes/debug_kit/toolbar/2cce1970-0805-46d1-996e-0d5b99e4d4c6
Stack Trace:
#0 E:\Dev\BiellesMeusiennes\vendor\cakephp\cakephp\src\Error\BaseErrorHandler.php(92): Cake\Error\BaseErrorHandler->handleFatalError(4, 'syntax error, u...', 'E:\\Dev\\BiellesM...', 67)
#1 [internal function]: Cake\Error\BaseErrorHandler->Cake\Error\{closure}()
#2 {main}


2016-01-26 14:32:30 Error: Fatal Error (4): syntax error, unexpected ''pass'' (T_CONSTANT_ENCAPSED_STRING), expecting ']' in [E:\Dev\BiellesMeusiennes\config\routes.php, line 67]
Trace:
Cake\Error\BaseErrorHandler::handleFatalError() - CORE\src\Error\BaseErrorHandler.php, line 209
Cake\Error\BaseErrorHandler::Cake\Error\{closure}() - CORE\src\Error\BaseErrorHandler.php, line 92
[main] - [internal], line ??



2016-01-26 14:32:31 Error: [Cake\Error\FatalErrorException] syntax error, unexpected ''pass'' (T_CONSTANT_ENCAPSED_STRING), expecting ']'
Request URL: /BiellesMeusiennes/debug_kit/toolbar/9fc95a7d-9ea1-4126-bf3f-a97e18288f49
Stack Trace:
#0 E:\Dev\BiellesMeusiennes\vendor\cakephp\cakephp\src\Error\BaseErrorHandler.php(92): Cake\Error\BaseErrorHandler->handleFatalError(4, 'syntax error, u...', 'E:\\Dev\\BiellesM...', 67)
#1 [internal function]: Cake\Error\BaseErrorHandler->Cake\Error\{closure}()
#2 {main}


2016-01-26 14:32:31 Error: Fatal Error (4): syntax error, unexpected ''pass'' (T_CONSTANT_ENCAPSED_STRING), expecting ']' in [E:\Dev\BiellesMeusiennes\config\routes.php, line 67]
Trace:
Cake\Error\BaseErrorHandler::handleFatalError() - CORE\src\Error\BaseErrorHandler.php, line 209
Cake\Error\BaseErrorHandler::Cake\Error\{closure}() - CORE\src\Error\BaseErrorHandler.php, line 92
[main] - [internal], line ??



2016-01-26 14:32:31 Error: [Cake\Error\FatalErrorException] syntax error, unexpected ''pass'' (T_CONSTANT_ENCAPSED_STRING), expecting ']'
Request URL: /BiellesMeusiennes/debug_kit/toolbar/6d3d21a6-5e4e-4019-b553-3566c6f8445b
Stack Trace:
#0 E:\Dev\BiellesMeusiennes\vendor\cakephp\cakephp\src\Error\BaseErrorHandler.php(92): Cake\Error\BaseErrorHandler->handleFatalError(4, 'syntax error, u...', 'E:\\Dev\\BiellesM...', 67)
#1 [internal function]: Cake\Error\BaseErrorHandler->Cake\Error\{closure}()
#2 {main}


2016-01-26 14:32:31 Error: Fatal Error (4): syntax error, unexpected ''pass'' (T_CONSTANT_ENCAPSED_STRING), expecting ']' in [E:\Dev\BiellesMeusiennes\config\routes.php, line 67]
Trace:
Cake\Error\BaseErrorHandler::handleFatalError() - CORE\src\Error\BaseErrorHandler.php, line 209
Cake\Error\BaseErrorHandler::Cake\Error\{closure}() - CORE\src\Error\BaseErrorHandler.php, line 92
[main] - [internal], line ??



2016-01-26 14:32:31 Error: [Cake\Error\FatalErrorException] syntax error, unexpected ''pass'' (T_CONSTANT_ENCAPSED_STRING), expecting ']'
Request URL: /BiellesMeusiennes/debug_kit/toolbar/4489b7ff-9c51-48ef-b82c-b6598a510220
Stack Trace:
#0 E:\Dev\BiellesMeusiennes\vendor\cakephp\cakephp\src\Error\BaseErrorHandler.php(92): Cake\Error\BaseErrorHandler->handleFatalError(4, 'syntax error, u...', 'E:\\Dev\\BiellesM...', 67)
#1 [internal function]: Cake\Error\BaseErrorHandler->Cake\Error\{closure}()
#2 {main}


2016-01-26 14:32:32 Error: Fatal Error (4): syntax error, unexpected ''pass'' (T_CONSTANT_ENCAPSED_STRING), expecting ']' in [E:\Dev\BiellesMeusiennes\config\routes.php, line 67]
Trace:
Cake\Error\BaseErrorHandler::handleFatalError() - CORE\src\Error\BaseErrorHandler.php, line 209
Cake\Error\BaseErrorHandler::Cake\Error\{closure}() - CORE\src\Error\BaseErrorHandler.php, line 92
[main] - [internal], line ??



2016-01-26 14:32:32 Error: [Cake\Error\FatalErrorException] syntax error, unexpected ''pass'' (T_CONSTANT_ENCAPSED_STRING), expecting ']'
Request URL: /BiellesMeusiennes/debug_kit/toolbar/b502c404-b856-4ac6-9418-939b6066300f
Stack Trace:
#0 E:\Dev\BiellesMeusiennes\vendor\cakephp\cakephp\src\Error\BaseErrorHandler.php(92): Cake\Error\BaseErrorHandler->handleFatalError(4, 'syntax error, u...', 'E:\\Dev\\BiellesM...', 67)
#1 [internal function]: Cake\Error\BaseErrorHandler->Cake\Error\{closure}()
#2 {main}


2016-01-26 14:32:32 Error: Fatal Error (4): syntax error, unexpected ''pass'' (T_CONSTANT_ENCAPSED_STRING), expecting ']' in [E:\Dev\BiellesMeusiennes\config\routes.php, line 67]
Trace:
Cake\Error\BaseErrorHandler::handleFatalError() - CORE\src\Error\BaseErrorHandler.php, line 209
Cake\Error\BaseErrorHandler::Cake\Error\{closure}() - CORE\src\Error\BaseErrorHandler.php, line 92
[main] - [internal], line ??



2016-01-26 14:32:32 Error: [Cake\Error\FatalErrorException] syntax error, unexpected ''pass'' (T_CONSTANT_ENCAPSED_STRING), expecting ']'
Request URL: /BiellesMeusiennes/debug_kit/toolbar/7f0afd02-3f0c-4ae5-a2f3-531aa27a1f42
Stack Trace:
#0 E:\Dev\BiellesMeusiennes\vendor\cakephp\cakephp\src\Error\BaseErrorHandler.php(92): Cake\Error\BaseErrorHandler->handleFatalError(4, 'syntax error, u...', 'E:\\Dev\\BiellesM...', 67)
#1 [internal function]: Cake\Error\BaseErrorHandler->Cake\Error\{closure}()
#2 {main}


2016-01-26 14:32:32 Error: Fatal Error (4): syntax error, unexpected ''pass'' (T_CONSTANT_ENCAPSED_STRING), expecting ']' in [E:\Dev\BiellesMeusiennes\config\routes.php, line 67]
Trace:
Cake\Error\BaseErrorHandler::handleFatalError() - CORE\src\Error\BaseErrorHandler.php, line 209
Cake\Error\BaseErrorHandler::Cake\Error\{closure}() - CORE\src\Error\BaseErrorHandler.php, line 92
[main] - [internal], line ??



2016-01-26 14:32:33 Error: [Cake\Error\FatalErrorException] syntax error, unexpected ''pass'' (T_CONSTANT_ENCAPSED_STRING), expecting ']'
Request URL: /BiellesMeusiennes/debug_kit/toolbar/3317d6c9-4520-4ea2-b78e-afd6e86db2c6
Stack Trace:
#0 E:\Dev\BiellesMeusiennes\vendor\cakephp\cakephp\src\Error\BaseErrorHandler.php(92): Cake\Error\BaseErrorHandler->handleFatalError(4, 'syntax error, u...', 'E:\\Dev\\BiellesM...', 67)
#1 [internal function]: Cake\Error\BaseErrorHandler->Cake\Error\{closure}()
#2 {main}


2016-01-26 14:32:33 Error: Fatal Error (4): syntax error, unexpected ''pass'' (T_CONSTANT_ENCAPSED_STRING), expecting ']' in [E:\Dev\BiellesMeusiennes\config\routes.php, line 67]
Trace:
Cake\Error\BaseErrorHandler::handleFatalError() - CORE\src\Error\BaseErrorHandler.php, line 209
Cake\Error\BaseErrorHandler::Cake\Error\{closure}() - CORE\src\Error\BaseErrorHandler.php, line 92
[main] - [internal], line ??



2016-01-26 14:32:33 Error: [Cake\Error\FatalErrorException] syntax error, unexpected ''pass'' (T_CONSTANT_ENCAPSED_STRING), expecting ']'
Request URL: /BiellesMeusiennes/debug_kit/toolbar/2ccaf64d-7ac2-490d-9e92-3e7b123b7803
Stack Trace:
#0 E:\Dev\BiellesMeusiennes\vendor\cakephp\cakephp\src\Error\BaseErrorHandler.php(92): Cake\Error\BaseErrorHandler->handleFatalError(4, 'syntax error, u...', 'E:\\Dev\\BiellesM...', 67)
#1 [internal function]: Cake\Error\BaseErrorHandler->Cake\Error\{closure}()
#2 {main}


2016-01-26 14:32:33 Error: Fatal Error (4): syntax error, unexpected ''pass'' (T_CONSTANT_ENCAPSED_STRING), expecting ']' in [E:\Dev\BiellesMeusiennes\config\routes.php, line 67]
Trace:
Cake\Error\BaseErrorHandler::handleFatalError() - CORE\src\Error\BaseErrorHandler.php, line 209
Cake\Error\BaseErrorHandler::Cake\Error\{closure}() - CORE\src\Error\BaseErrorHandler.php, line 92
[main] - [internal], line ??



2016-01-26 14:32:33 Error: [Cake\Error\FatalErrorException] syntax error, unexpected ''pass'' (T_CONSTANT_ENCAPSED_STRING), expecting ']'
Request URL: /BiellesMeusiennes/debug_kit/toolbar/a28f945a-4816-46b0-932c-7c8f55f2f979
Stack Trace:
#0 E:\Dev\BiellesMeusiennes\vendor\cakephp\cakephp\src\Error\BaseErrorHandler.php(92): Cake\Error\BaseErrorHandler->handleFatalError(4, 'syntax error, u...', 'E:\\Dev\\BiellesM...', 67)
#1 [internal function]: Cake\Error\BaseErrorHandler->Cake\Error\{closure}()
#2 {main}


2016-01-26 14:32:33 Error: Fatal Error (4): syntax error, unexpected ''pass'' (T_CONSTANT_ENCAPSED_STRING), expecting ']' in [E:\Dev\BiellesMeusiennes\config\routes.php, line 67]
Trace:
Cake\Error\BaseErrorHandler::handleFatalError() - CORE\src\Error\BaseErrorHandler.php, line 209
Cake\Error\BaseErrorHandler::Cake\Error\{closure}() - CORE\src\Error\BaseErrorHandler.php, line 92
[main] - [internal], line ??



2016-01-26 14:32:34 Error: [Cake\Error\FatalErrorException] syntax error, unexpected ''pass'' (T_CONSTANT_ENCAPSED_STRING), expecting ']'
Request URL: /BiellesMeusiennes/debug_kit/toolbar/1e3b625b-82ce-45ad-9723-6588b8b6fe08
Stack Trace:
#0 E:\Dev\BiellesMeusiennes\vendor\cakephp\cakephp\src\Error\BaseErrorHandler.php(92): Cake\Error\BaseErrorHandler->handleFatalError(4, 'syntax error, u...', 'E:\\Dev\\BiellesM...', 67)
#1 [internal function]: Cake\Error\BaseErrorHandler->Cake\Error\{closure}()
#2 {main}


2016-01-26 14:32:34 Error: Fatal Error (4): syntax error, unexpected ''pass'' (T_CONSTANT_ENCAPSED_STRING), expecting ']' in [E:\Dev\BiellesMeusiennes\config\routes.php, line 67]
Trace:
Cake\Error\BaseErrorHandler::handleFatalError() - CORE\src\Error\BaseErrorHandler.php, line 209
Cake\Error\BaseErrorHandler::Cake\Error\{closure}() - CORE\src\Error\BaseErrorHandler.php, line 92
[main] - [internal], line ??



2016-01-26 14:32:34 Error: [Cake\Error\FatalErrorException] syntax error, unexpected ''pass'' (T_CONSTANT_ENCAPSED_STRING), expecting ']'
Request URL: /BiellesMeusiennes/debug_kit/toolbar/89925ceb-4dda-49f8-b6c9-1e816e49659d
Stack Trace:
#0 E:\Dev\BiellesMeusiennes\vendor\cakephp\cakephp\src\Error\BaseErrorHandler.php(92): Cake\Error\BaseErrorHandler->handleFatalError(4, 'syntax error, u...', 'E:\\Dev\\BiellesM...', 67)
#1 [internal function]: Cake\Error\BaseErrorHandler->Cake\Error\{closure}()
#2 {main}


2016-01-26 14:32:34 Error: Fatal Error (4): syntax error, unexpected ''pass'' (T_CONSTANT_ENCAPSED_STRING), expecting ']' in [E:\Dev\BiellesMeusiennes\config\routes.php, line 67]
Trace:
Cake\Error\BaseErrorHandler::handleFatalError() - CORE\src\Error\BaseErrorHandler.php, line 209
Cake\Error\BaseErrorHandler::Cake\Error\{closure}() - CORE\src\Error\BaseErrorHandler.php, line 92
[main] - [internal], line ??



2016-01-26 14:32:34 Error: [Cake\Error\FatalErrorException] syntax error, unexpected ''pass'' (T_CONSTANT_ENCAPSED_STRING), expecting ']'
Request URL: /BiellesMeusiennes/debug_kit/toolbar/e9c63d1e-7297-435a-a79e-5aa25a76a561
Stack Trace:
#0 E:\Dev\BiellesMeusiennes\vendor\cakephp\cakephp\src\Error\BaseErrorHandler.php(92): Cake\Error\BaseErrorHandler->handleFatalError(4, 'syntax error, u...', 'E:\\Dev\\BiellesM...', 67)
#1 [internal function]: Cake\Error\BaseErrorHandler->Cake\Error\{closure}()
#2 {main}


2016-01-26 14:32:35 Error: Fatal Error (4): syntax error, unexpected ''pass'' (T_CONSTANT_ENCAPSED_STRING), expecting ']' in [E:\Dev\BiellesMeusiennes\config\routes.php, line 67]
Trace:
Cake\Error\BaseErrorHandler::handleFatalError() - CORE\src\Error\BaseErrorHandler.php, line 209
Cake\Error\BaseErrorHandler::Cake\Error\{closure}() - CORE\src\Error\BaseErrorHandler.php, line 92
[main] - [internal], line ??



2016-01-26 14:32:35 Error: [Cake\Error\FatalErrorException] syntax error, unexpected ''pass'' (T_CONSTANT_ENCAPSED_STRING), expecting ']'
Request URL: /BiellesMeusiennes/debug_kit/toolbar/c65f63a7-c191-4583-b653-c797063659bc
Stack Trace:
#0 E:\Dev\BiellesMeusiennes\vendor\cakephp\cakephp\src\Error\BaseErrorHandler.php(92): Cake\Error\BaseErrorHandler->handleFatalError(4, 'syntax error, u...', 'E:\\Dev\\BiellesM...', 67)
#1 [internal function]: Cake\Error\BaseErrorHandler->Cake\Error\{closure}()
#2 {main}


2016-01-26 14:32:35 Error: Fatal Error (4): syntax error, unexpected ''pass'' (T_CONSTANT_ENCAPSED_STRING), expecting ']' in [E:\Dev\BiellesMeusiennes\config\routes.php, line 67]
Trace:
Cake\Error\BaseErrorHandler::handleFatalError() - CORE\src\Error\BaseErrorHandler.php, line 209
Cake\Error\BaseErrorHandler::Cake\Error\{closure}() - CORE\src\Error\BaseErrorHandler.php, line 92
[main] - [internal], line ??



2016-01-26 14:32:35 Error: [Cake\Error\FatalErrorException] syntax error, unexpected ''pass'' (T_CONSTANT_ENCAPSED_STRING), expecting ']'
Request URL: /BiellesMeusiennes/debug_kit/toolbar/f93e3096-7b19-4d9a-8239-c41ddb14fc8c
Stack Trace:
#0 E:\Dev\BiellesMeusiennes\vendor\cakephp\cakephp\src\Error\BaseErrorHandler.php(92): Cake\Error\BaseErrorHandler->handleFatalError(4, 'syntax error, u...', 'E:\\Dev\\BiellesM...', 67)
#1 [internal function]: Cake\Error\BaseErrorHandler->Cake\Error\{closure}()
#2 {main}


2016-01-26 14:32:35 Error: Fatal Error (4): syntax error, unexpected ''pass'' (T_CONSTANT_ENCAPSED_STRING), expecting ']' in [E:\Dev\BiellesMeusiennes\config\routes.php, line 67]
Trace:
Cake\Error\BaseErrorHandler::handleFatalError() - CORE\src\Error\BaseErrorHandler.php, line 209
Cake\Error\BaseErrorHandler::Cake\Error\{closure}() - CORE\src\Error\BaseErrorHandler.php, line 92
[main] - [internal], line ??



2016-01-26 14:32:36 Error: [Cake\Error\FatalErrorException] syntax error, unexpected ''pass'' (T_CONSTANT_ENCAPSED_STRING), expecting ']'
Request URL: /BiellesMeusiennes/debug_kit/toolbar/1433cb8e-d12d-4395-8384-94fb07ffdb62
Stack Trace:
#0 E:\Dev\BiellesMeusiennes\vendor\cakephp\cakephp\src\Error\BaseErrorHandler.php(92): Cake\Error\BaseErrorHandler->handleFatalError(4, 'syntax error, u...', 'E:\\Dev\\BiellesM...', 67)
#1 [internal function]: Cake\Error\BaseErrorHandler->Cake\Error\{closure}()
#2 {main}


2016-01-26 14:32:36 Error: Fatal Error (4): syntax error, unexpected ''pass'' (T_CONSTANT_ENCAPSED_STRING), expecting ']' in [E:\Dev\BiellesMeusiennes\config\routes.php, line 67]
Trace:
Cake\Error\BaseErrorHandler::handleFatalError() - CORE\src\Error\BaseErrorHandler.php, line 209
Cake\Error\BaseErrorHandler::Cake\Error\{closure}() - CORE\src\Error\BaseErrorHandler.php, line 92
[main] - [internal], line ??



2016-01-26 14:32:36 Error: [Cake\Error\FatalErrorException] syntax error, unexpected ''pass'' (T_CONSTANT_ENCAPSED_STRING), expecting ']'
Request URL: /BiellesMeusiennes/debug_kit/toolbar/0a02ff6a-3918-4630-aa1f-6efa9f69e00c
Stack Trace:
#0 E:\Dev\BiellesMeusiennes\vendor\cakephp\cakephp\src\Error\BaseErrorHandler.php(92): Cake\Error\BaseErrorHandler->handleFatalError(4, 'syntax error, u...', 'E:\\Dev\\BiellesM...', 67)
#1 [internal function]: Cake\Error\BaseErrorHandler->Cake\Error\{closure}()
#2 {main}


2016-01-26 14:32:36 Error: Fatal Error (4): syntax error, unexpected ''pass'' (T_CONSTANT_ENCAPSED_STRING), expecting ']' in [E:\Dev\BiellesMeusiennes\config\routes.php, line 67]
Trace:
Cake\Error\BaseErrorHandler::handleFatalError() - CORE\src\Error\BaseErrorHandler.php, line 209
Cake\Error\BaseErrorHandler::Cake\Error\{closure}() - CORE\src\Error\BaseErrorHandler.php, line 92
[main] - [internal], line ??



2016-01-26 14:32:37 Error: [Cake\Error\FatalErrorException] syntax error, unexpected ''pass'' (T_CONSTANT_ENCAPSED_STRING), expecting ']'
Request URL: /BiellesMeusiennes/debug_kit/toolbar/91c38ad8-985d-42da-8d5a-8ec8ce0ef790
Stack Trace:
#0 E:\Dev\BiellesMeusiennes\vendor\cakephp\cakephp\src\Error\BaseErrorHandler.php(92): Cake\Error\BaseErrorHandler->handleFatalError(4, 'syntax error, u...', 'E:\\Dev\\BiellesM...', 67)
#1 [internal function]: Cake\Error\BaseErrorHandler->Cake\Error\{closure}()
#2 {main}


2016-01-26 14:32:37 Error: Fatal Error (4): syntax error, unexpected ''pass'' (T_CONSTANT_ENCAPSED_STRING), expecting ']' in [E:\Dev\BiellesMeusiennes\config\routes.php, line 67]
Trace:
Cake\Error\BaseErrorHandler::handleFatalError() - CORE\src\Error\BaseErrorHandler.php, line 209
Cake\Error\BaseErrorHandler::Cake\Error\{closure}() - CORE\src\Error\BaseErrorHandler.php, line 92
[main] - [internal], line ??



2016-01-26 14:32:37 Error: [Cake\Error\FatalErrorException] syntax error, unexpected ''pass'' (T_CONSTANT_ENCAPSED_STRING), expecting ']'
Request URL: /BiellesMeusiennes/debug_kit/toolbar/59304975-e4f0-4fcf-96a3-d776897b7255
Stack Trace:
#0 E:\Dev\BiellesMeusiennes\vendor\cakephp\cakephp\src\Error\BaseErrorHandler.php(92): Cake\Error\BaseErrorHandler->handleFatalError(4, 'syntax error, u...', 'E:\\Dev\\BiellesM...', 67)
#1 [internal function]: Cake\Error\BaseErrorHandler->Cake\Error\{closure}()
#2 {main}


2016-01-26 14:32:37 Error: Fatal Error (4): syntax error, unexpected ''pass'' (T_CONSTANT_ENCAPSED_STRING), expecting ']' in [E:\Dev\BiellesMeusiennes\config\routes.php, line 67]
Trace:
Cake\Error\BaseErrorHandler::handleFatalError() - CORE\src\Error\BaseErrorHandler.php, line 209
Cake\Error\BaseErrorHandler::Cake\Error\{closure}() - CORE\src\Error\BaseErrorHandler.php, line 92
[main] - [internal], line ??



2016-01-26 14:32:37 Error: [Cake\Error\FatalErrorException] syntax error, unexpected ''pass'' (T_CONSTANT_ENCAPSED_STRING), expecting ']'
Request URL: /BiellesMeusiennes/debug_kit/toolbar/749a6615-6590-46ae-9bd1-8e228f7e3b6d
Stack Trace:
#0 E:\Dev\BiellesMeusiennes\vendor\cakephp\cakephp\src\Error\BaseErrorHandler.php(92): Cake\Error\BaseErrorHandler->handleFatalError(4, 'syntax error, u...', 'E:\\Dev\\BiellesM...', 67)
#1 [internal function]: Cake\Error\BaseErrorHandler->Cake\Error\{closure}()
#2 {main}


2016-01-26 14:32:37 Error: Fatal Error (4): syntax error, unexpected ''pass'' (T_CONSTANT_ENCAPSED_STRING), expecting ']' in [E:\Dev\BiellesMeusiennes\config\routes.php, line 67]
Trace:
Cake\Error\BaseErrorHandler::handleFatalError() - CORE\src\Error\BaseErrorHandler.php, line 209
Cake\Error\BaseErrorHandler::Cake\Error\{closure}() - CORE\src\Error\BaseErrorHandler.php, line 92
[main] - [internal], line ??



2016-01-26 14:32:38 Error: [Cake\Error\FatalErrorException] syntax error, unexpected ''pass'' (T_CONSTANT_ENCAPSED_STRING), expecting ']'
Request URL: /BiellesMeusiennes/debug_kit/toolbar/73237f66-d629-44b0-844b-ab9f53e000ce
Stack Trace:
#0 E:\Dev\BiellesMeusiennes\vendor\cakephp\cakephp\src\Error\BaseErrorHandler.php(92): Cake\Error\BaseErrorHandler->handleFatalError(4, 'syntax error, u...', 'E:\\Dev\\BiellesM...', 67)
#1 [internal function]: Cake\Error\BaseErrorHandler->Cake\Error\{closure}()
#2 {main}


2016-01-26 14:32:38 Error: Fatal Error (4): syntax error, unexpected ''pass'' (T_CONSTANT_ENCAPSED_STRING), expecting ']' in [E:\Dev\BiellesMeusiennes\config\routes.php, line 67]
Trace:
Cake\Error\BaseErrorHandler::handleFatalError() - CORE\src\Error\BaseErrorHandler.php, line 209
Cake\Error\BaseErrorHandler::Cake\Error\{closure}() - CORE\src\Error\BaseErrorHandler.php, line 92
[main] - [internal], line ??



2016-01-26 14:32:38 Error: [Cake\Error\FatalErrorException] syntax error, unexpected ''pass'' (T_CONSTANT_ENCAPSED_STRING), expecting ']'
Request URL: /BiellesMeusiennes/debug_kit/toolbar/42d70a4e-2b01-4621-a818-59bcea41c781
Stack Trace:
#0 E:\Dev\BiellesMeusiennes\vendor\cakephp\cakephp\src\Error\BaseErrorHandler.php(92): Cake\Error\BaseErrorHandler->handleFatalError(4, 'syntax error, u...', 'E:\\Dev\\BiellesM...', 67)
#1 [internal function]: Cake\Error\BaseErrorHandler->Cake\Error\{closure}()
#2 {main}


2016-01-26 14:32:38 Error: Fatal Error (4): syntax error, unexpected ''pass'' (T_CONSTANT_ENCAPSED_STRING), expecting ']' in [E:\Dev\BiellesMeusiennes\config\routes.php, line 67]
Trace:
Cake\Error\BaseErrorHandler::handleFatalError() - CORE\src\Error\BaseErrorHandler.php, line 209
Cake\Error\BaseErrorHandler::Cake\Error\{closure}() - CORE\src\Error\BaseErrorHandler.php, line 92
[main] - [internal], line ??



2016-01-26 14:32:38 Error: [Cake\Error\FatalErrorException] syntax error, unexpected ''pass'' (T_CONSTANT_ENCAPSED_STRING), expecting ']'
Request URL: /BiellesMeusiennes/debug_kit/toolbar/fe40b18e-6dd5-49a1-b1e6-ad753dd26cc7
Stack Trace:
#0 E:\Dev\BiellesMeusiennes\vendor\cakephp\cakephp\src\Error\BaseErrorHandler.php(92): Cake\Error\BaseErrorHandler->handleFatalError(4, 'syntax error, u...', 'E:\\Dev\\BiellesM...', 67)
#1 [internal function]: Cake\Error\BaseErrorHandler->Cake\Error\{closure}()
#2 {main}


2016-01-26 14:32:39 Error: Fatal Error (4): syntax error, unexpected ''pass'' (T_CONSTANT_ENCAPSED_STRING), expecting ']' in [E:\Dev\BiellesMeusiennes\config\routes.php, line 67]
Trace:
Cake\Error\BaseErrorHandler::handleFatalError() - CORE\src\Error\BaseErrorHandler.php, line 209
Cake\Error\BaseErrorHandler::Cake\Error\{closure}() - CORE\src\Error\BaseErrorHandler.php, line 92
[main] - [internal], line ??



2016-01-26 14:32:39 Error: [Cake\Error\FatalErrorException] syntax error, unexpected ''pass'' (T_CONSTANT_ENCAPSED_STRING), expecting ']'
Request URL: /BiellesMeusiennes/debug_kit/toolbar/6abd3c0c-2a7d-448d-8866-3bf320790614
Stack Trace:
#0 E:\Dev\BiellesMeusiennes\vendor\cakephp\cakephp\src\Error\BaseErrorHandler.php(92): Cake\Error\BaseErrorHandler->handleFatalError(4, 'syntax error, u...', 'E:\\Dev\\BiellesM...', 67)
#1 [internal function]: Cake\Error\BaseErrorHandler->Cake\Error\{closure}()
#2 {main}


2016-01-26 14:32:39 Error: Fatal Error (4): syntax error, unexpected ''pass'' (T_CONSTANT_ENCAPSED_STRING), expecting ']' in [E:\Dev\BiellesMeusiennes\config\routes.php, line 67]
Trace:
Cake\Error\BaseErrorHandler::handleFatalError() - CORE\src\Error\BaseErrorHandler.php, line 209
Cake\Error\BaseErrorHandler::Cake\Error\{closure}() - CORE\src\Error\BaseErrorHandler.php, line 92
[main] - [internal], line ??



2016-01-26 14:32:39 Error: [Cake\Error\FatalErrorException] syntax error, unexpected ''pass'' (T_CONSTANT_ENCAPSED_STRING), expecting ']'
Request URL: /BiellesMeusiennes/debug_kit/toolbar/452a1dbe-3d59-43b6-a3ae-55132864b789
Stack Trace:
#0 E:\Dev\BiellesMeusiennes\vendor\cakephp\cakephp\src\Error\BaseErrorHandler.php(92): Cake\Error\BaseErrorHandler->handleFatalError(4, 'syntax error, u...', 'E:\\Dev\\BiellesM...', 67)
#1 [internal function]: Cake\Error\BaseErrorHandler->Cake\Error\{closure}()
#2 {main}


2016-01-26 14:36:22 Error: [Cake\Routing\Exception\MissingControllerException] Controller class Admin could not be found.
Exception Attributes: array (
  'class' => 'Admin',
  'plugin' => NULL,
  'prefix' => NULL,
  '_ext' => NULL,
)
Request URL: /BiellesMeusiennes/admin/events
Stack Trace:
#0 E:\Dev\BiellesMeusiennes\webroot\index.php(37): Cake\Routing\Dispatcher->dispatch(Object(Cake\Network\Request), Object(Cake\Network\Response))
#1 {main}


2016-01-26 14:37:42 Error: Fatal Error (4): syntax error, unexpected '=' in [E:\Dev\BiellesMeusiennes\src\Controller\Admin\EventsController.php, line 33]
Trace:
Cake\Error\BaseErrorHandler::handleFatalError() - CORE\src\Error\BaseErrorHandler.php, line 209
Cake\Error\BaseErrorHandler::Cake\Error\{closure}() - CORE\src\Error\BaseErrorHandler.php, line 92
[main] - [internal], line ??



2016-01-26 14:37:42 Error: [Cake\Error\FatalErrorException] syntax error, unexpected '='
Request URL: /BiellesMeusiennes/admin/events
Stack Trace:
#0 E:\Dev\BiellesMeusiennes\vendor\cakephp\cakephp\src\Error\BaseErrorHandler.php(92): Cake\Error\BaseErrorHandler->handleFatalError(4, 'syntax error, u...', 'E:\\Dev\\BiellesM...', 33)
#1 [internal function]: Cake\Error\BaseErrorHandler->Cake\Error\{closure}()
#2 {main}


2016-01-26 14:38:39 Warning: Warning (4096): Argument 1 passed to App\Controller\Admin\AppController::beforeRender() must be an instance of App\Controller\Admin\Event, instance of Cake\Event\Event given, called in E:\Dev\BiellesMeusiennes\vendor\cakephp\cakephp\src\Event\EventManager.php on line 385 and defined in [E:\Dev\BiellesMeusiennes\src\Controller\Admin\AppController.php, line 35]
Trace:
Cake\Error\BaseErrorHandler::handleError() - CORE\src\Error\BaseErrorHandler.php, line 140
App\Controller\Admin\AppController::beforeRender() - APP/Controller\Admin\AppController.php, line 35
Cake\Event\EventManager::_callListener() - CORE\src\Event\EventManager.php, line 385
Cake\Event\EventManager::dispatch() - CORE\src\Event\EventManager.php, line 355
Cake\Controller\Controller::dispatchEvent() - CORE\src\Event\EventDispatcherTrait.php, line 78
Cake\Controller\Controller::render() - CORE\src\Controller\Controller.php, line 596
Cake\Routing\Dispatcher::_invoke() - CORE\src\Routing\Dispatcher.php, line 120
Cake\Routing\Dispatcher::dispatch() - CORE\src\Routing\Dispatcher.php, line 87
[main] - ROOT\webroot\index.php, line 37



2016-01-26 14:38:39 Error: [Cake\View\Exception\MissingTemplateException] Template file "Admin\Events\index.ctp" is missing.
Exception Attributes: array (
  'file' => 'Admin\\Events\\index.ctp',
)
Request URL: /BiellesMeusiennes/admin/events
Stack Trace:
#0 E:\Dev\BiellesMeusiennes\vendor\cakephp\cakephp\src\View\View.php(584): Cake\View\View->_getViewFileName(NULL)
#1 E:\Dev\BiellesMeusiennes\vendor\cakephp\cakephp\src\Controller\Controller.php(611): Cake\View\View->render(NULL, NULL)
#2 E:\Dev\BiellesMeusiennes\vendor\cakephp\cakephp\src\Routing\Dispatcher.php(120): Cake\Controller\Controller->render()
#3 E:\Dev\BiellesMeusiennes\vendor\cakephp\cakephp\src\Routing\Dispatcher.php(87): Cake\Routing\Dispatcher->_invoke(Object(App\Controller\Admin\EventsController))
#4 E:\Dev\BiellesMeusiennes\webroot\index.php(37): Cake\Routing\Dispatcher->dispatch(Object(Cake\Network\Request), Object(Cake\Network\Response))
#5 {main}


2016-01-26 14:38:58 Error: [Cake\View\Exception\MissingTemplateException] Template file "Admin\Events\index.ctp" is missing.
Exception Attributes: array (
  'file' => 'Admin\\Events\\index.ctp',
)
Request URL: /BiellesMeusiennes/admin/events
Stack Trace:
#0 E:\Dev\BiellesMeusiennes\vendor\cakephp\cakephp\src\View\View.php(584): Cake\View\View->_getViewFileName(NULL)
#1 E:\Dev\BiellesMeusiennes\vendor\cakephp\cakephp\src\Controller\Controller.php(611): Cake\View\View->render(NULL, NULL)
#2 E:\Dev\BiellesMeusiennes\vendor\cakephp\cakephp\src\Routing\Dispatcher.php(120): Cake\Controller\Controller->render()
#3 E:\Dev\BiellesMeusiennes\vendor\cakephp\cakephp\src\Routing\Dispatcher.php(87): Cake\Routing\Dispatcher->_invoke(Object(App\Controller\Admin\EventsController))
#4 E:\Dev\BiellesMeusiennes\webroot\index.php(37): Cake\Routing\Dispatcher->dispatch(Object(Cake\Network\Request), Object(Cake\Network\Response))
#5 {main}


2016-01-26 14:40:46 Warning: Warning (2): Invalid argument supplied for foreach() in [E:\Dev\BiellesMeusiennes\src\Template\Admin\Events\index.ctp, line 24]
Trace:
Cake\Error\BaseErrorHandler::handleError() - CORE\src\Error\BaseErrorHandler.php, line 140
include - APP/Template\Admin\Events\index.ctp, line 24
Cake\View\View::_evaluate() - CORE\src\View\View.php, line 992
Cake\View\View::_render() - CORE\src\View\View.php, line 952
Cake\View\View::render() - CORE\src\View\View.php, line 587
Cake\Controller\Controller::render() - CORE\src\Controller\Controller.php, line 611
Cake\Routing\Dispatcher::_invoke() - CORE\src\Routing\Dispatcher.php, line 120
Cake\Routing\Dispatcher::dispatch() - CORE\src\Routing\Dispatcher.php, line 87
[main] - ROOT\webroot\index.php, line 37



2016-01-26 14:44:26 Error: [Cake\View\Exception\MissingTemplateException] Template file "Admin\Owners\index.ctp" is missing.
Exception Attributes: array (
  'file' => 'Admin\\Owners\\index.ctp',
)
Request URL: /BiellesMeusiennes/admin/owners
Stack Trace:
#0 E:\Dev\BiellesMeusiennes\vendor\cakephp\cakephp\src\View\View.php(584): Cake\View\View->_getViewFileName(NULL)
#1 E:\Dev\BiellesMeusiennes\vendor\cakephp\cakephp\src\Controller\Controller.php(611): Cake\View\View->render(NULL, NULL)
#2 E:\Dev\BiellesMeusiennes\vendor\cakephp\cakephp\src\Routing\Dispatcher.php(120): Cake\Controller\Controller->render()
#3 E:\Dev\BiellesMeusiennes\vendor\cakephp\cakephp\src\Routing\Dispatcher.php(87): Cake\Routing\Dispatcher->_invoke(Object(App\Controller\Admin\OwnersController))
#4 E:\Dev\BiellesMeusiennes\webroot\index.php(37): Cake\Routing\Dispatcher->dispatch(Object(Cake\Network\Request), Object(Cake\Network\Response))
#5 {main}


2016-01-26 14:50:04 Error: [Cake\Routing\Exception\MissingControllerException] Controller class Admin could not be found.
Exception Attributes: array (
  'class' => 'Admin',
  'plugin' => NULL,
  'prefix' => NULL,
  '_ext' => NULL,
)
Request URL: /BiellesMeusiennes/admin/
Stack Trace:
#0 E:\Dev\BiellesMeusiennes\webroot\index.php(37): Cake\Routing\Dispatcher->dispatch(Object(Cake\Network\Request), Object(Cake\Network\Response))
#1 {main}


2016-01-26 14:53:32 Error: [Cake\View\Exception\MissingTemplateException] Template file "Admin\Pages\dashboard.ctp" is missing.
Exception Attributes: array (
  'file' => 'Admin\\Pages\\dashboard.ctp',
)
Request URL: /BiellesMeusiennes/admin/
Stack Trace:
#0 E:\Dev\BiellesMeusiennes\vendor\cakephp\cakephp\src\View\View.php(584): Cake\View\View->_getViewFileName(NULL)
#1 E:\Dev\BiellesMeusiennes\vendor\cakephp\cakephp\src\Controller\Controller.php(611): Cake\View\View->render(NULL, NULL)
#2 E:\Dev\BiellesMeusiennes\vendor\cakephp\cakephp\src\Routing\Dispatcher.php(120): Cake\Controller\Controller->render()
#3 E:\Dev\BiellesMeusiennes\vendor\cakephp\cakephp\src\Routing\Dispatcher.php(87): Cake\Routing\Dispatcher->_invoke(Object(App\Controller\Admin\PagesController))
#4 E:\Dev\BiellesMeusiennes\webroot\index.php(37): Cake\Routing\Dispatcher->dispatch(Object(Cake\Network\Request), Object(Cake\Network\Response))
#5 {main}


2016-01-26 14:56:34 Error: [Cake\View\Exception\MissingLayoutException] Layout file "Admin\Layout\admin.ctp" is missing.
Exception Attributes: array (
  'file' => 'Admin\\Layout\\admin.ctp',
)
Request URL: /BiellesMeusiennes/admin/
Stack Trace:
#0 E:\Dev\BiellesMeusiennes\vendor\cakephp\cakephp\src\View\View.php(615): Cake\View\View->_getLayoutFileName('admin')
#1 E:\Dev\BiellesMeusiennes\vendor\cakephp\cakephp\src\View\View.php(592): Cake\View\View->renderLayout('', 'admin')
#2 E:\Dev\BiellesMeusiennes\vendor\cakephp\cakephp\src\Controller\Controller.php(611): Cake\View\View->render(NULL, NULL)
#3 E:\Dev\BiellesMeusiennes\vendor\cakephp\cakephp\src\Routing\Dispatcher.php(120): Cake\Controller\Controller->render()
#4 E:\Dev\BiellesMeusiennes\vendor\cakephp\cakephp\src\Routing\Dispatcher.php(87): Cake\Routing\Dispatcher->_invoke(Object(App\Controller\Admin\PagesController))
#5 E:\Dev\BiellesMeusiennes\webroot\index.php(37): Cake\Routing\Dispatcher->dispatch(Object(Cake\Network\Request), Object(Cake\Network\Response))
#6 {main}


2016-01-26 14:57:46 Error: [Cake\Routing\Exception\MissingControllerException] Controller class Evnts could not be found.
Exception Attributes: array (
  'class' => 'Evnts',
  'plugin' => NULL,
  'prefix' => 'admin',
  '_ext' => NULL,
)
Request URL: /BiellesMeusiennes/admin/evnts
Stack Trace:
#0 E:\Dev\BiellesMeusiennes\webroot\index.php(37): Cake\Routing\Dispatcher->dispatch(Object(Cake\Network\Request), Object(Cake\Network\Response))
#1 {main}


2016-01-27 11:41:55 Error: [Cake\Routing\Exception\MissingControllerException] Controller class Biellesmeusiennes could not be found.
Exception Attributes: array (
  'class' => 'Biellesmeusiennes',
  'plugin' => NULL,
  'prefix' => NULL,
  '_ext' => NULL,
)
Request URL: /BiellesMeusiennes/biellesmeusiennes/
Stack Trace:
#0 E:\wamp\www\BiellesMeusiennes\webroot\index.php(37): Cake\Routing\Dispatcher->dispatch(Object(Cake\Network\Request), Object(Cake\Network\Response))
#1 {main}


